2016-06-20 21:53:51|   0.0|  0.0|INFORM|FME 2016.1.0.0 (20160419 - Build 16492 - macosx)
2016-06-20 21:53:51|   0.0|  0.0|INFORM|FME_HOME is '/Library/FME/2016.1/'
2016-06-20 21:53:51|   0.0|  0.0|INFORM|FME Smallworld Edition (node locked-crc)
2016-06-20 21:53:51|   0.0|  0.0|INFORM|Serial Number: 0
2016-06-20 21:53:51|   0.0|  0.0|INFORM|Permanent License.
2016-06-20 21:53:51|   0.0|  0.0|INFORM|Machine host name is: Stewarts-MacBook-Pro-2.local
2016-06-20 21:53:51|   0.0|  0.0|INFORM|START - ProcessID: 5487, peak process memory usage: 0 kB, current process memory usage: 107152 kB
2016-06-20 21:53:51|   0.0|  0.0|INFORM|FME Configuration: Command line arguments are `/Library/FME/2016.1//bin/fme' `/Users/sharper/web_projects/codeless-api-demo/fme_cloud/wb-xlate-1466484823714_5072' `LOG_STANDARDOUT' `YES' `LogCountServerName' `{4035a949-fb74-4366-990b-8700241f1d26}'
2016-06-20 21:53:51|   0.1|  0.1|INFORM|Shared folders for formats are : /Library/FME/2016.1/datasources;/Users/sharper/Documents/FME/Formats;/Users/sharper/Library/Application Support/FME/Formats
2016-06-20 21:53:51|   0.1|  0.0|INFORM|Shared folders for transformers are : /Library/FME/2016.1/transformers;/Users/sharper/Documents/FME/Transformers;/Users/sharper/Library/Caches/Safe Software/FME/FME Store/Transformers;/Users/sharper/Library/Application Support/FME/Transformers
2016-06-20 21:53:51|   0.1|  0.0|INFORM|Shared folders for coordinate systems are : /Users/sharper/Documents/FME/CoordinateSystems;/Users/sharper/Library/Application Support/FME/CoordinateSystems
2016-06-20 21:53:51|   0.1|  0.0|INFORM|Shared folders for coordinate system exceptions are : /Users/sharper/Documents/FME/CoordinateSystemExceptions;/Users/sharper/Library/Application Support/FME/CoordinateSystemExceptions
2016-06-20 21:53:51|   0.1|  0.0|INFORM|Shared folders for coordinate system grid overrides are : /Users/sharper/Documents/FME/CoordinateSystemGridOverrides;/Users/sharper/Library/Application Support/FME/CoordinateSystemGridOverrides
2016-06-20 21:53:51|   0.1|  0.0|INFORM|Shared folders for CS-MAP transformation exceptions are : /Users/sharper/Documents/FME/CsmapTransformationExceptions;/Users/sharper/Library/Application Support/FME/CsmapTransformationExceptions
2016-06-20 21:53:51|   0.1|  0.0|INFORM|Shared folders for transformer categories are : /Users/sharper/Documents/FME/TransformerCategories;/Users/sharper/Library/Application Support/FME/TransformerCategories
2016-06-20 21:53:51|   0.1|  0.0|INFORM|FME Configuration: Reader Keyword is `NULL_SOURCE'
2016-06-20 21:53:51|   0.1|  0.0|INFORM|FME Configuration: Writer Keyword is `MULTI_WRITER'
2016-06-20 21:53:51|   0.1|  0.0|INFORM|FME Configuration: Writer Group Definition Keyword is `MULTI_WRITER_DEF'
2016-06-20 21:53:51|   0.1|  0.0|INFORM|FME Configuration: Reader type is `NULL'
2016-06-20 21:53:51|   0.1|  0.0|INFORM|FME Configuration: Writer type is `MULTI_WRITER'
2016-06-20 21:53:51|   0.1|  0.0|INFORM|FME Configuration: No destination coordinate system set
2016-06-20 21:53:51|   0.1|  0.0|INFORM|FME Configuration: Current working folder is `/Users/sharper/web_projects/codeless-api-demo/fme_cloud'
2016-06-20 21:53:51|   0.1|  0.0|INFORM|FME Configuration: Temporary folder is `/tmp'
2016-06-20 21:53:51|   0.1|  0.0|INFORM|FME Configuration: FME_HOME is `/Library/FME/2016.1/'
2016-06-20 21:53:51|   0.1|  0.0|INFORM|FME Configuration: FME_BASE is 'no'
2016-06-20 21:53:51|   0.1|  0.0|INFORM|FME Configuration: FME_MF_DIR is '/Users/sharper/web_projects/codeless-api-demo/fme_cloud/'
2016-06-20 21:53:51|   0.1|  0.0|INFORM|FME Configuration: FME_MF_NAME is 'transit_api_get_bus.fmw'
2016-06-20 21:53:51|   0.1|  0.0|INFORM|FME Configuration: FME_PRODUCT_NAME is 'FME(R) 2016.1.0.0'
2016-06-20 21:53:51|   0.1|  0.0|INFORM|System Status: 4.33 TB of disk space available in the FME temporary folder (/tmp)
2016-06-20 21:53:51|   0.1|  0.0|INFORM|System Status: 33.57 GB of virtual memory available
2016-06-20 21:53:51|   0.1|  0.0|INFORM|Operating System: Mac OS X Version 10.11.1 (Build 15B42)
2016-06-20 21:53:51|   0.1|  0.0|INFORM|FME Platform: macosx
2016-06-20 21:53:51|   0.1|  0.0|INFORM|The memory allocator being used by FME is : `/usr/lib/system/libsystem_malloc.dylib'
2016-06-20 21:53:51|   0.1|  0.0|INFORM|Locale: C
2016-06-20 21:53:51|   0.1|  0.0|INFORM|FME Configuration: Process limits are 16.00 GB of physical memory and 33.57 GB of address space
2016-06-20 21:53:51|   0.1|  0.0|INFORM|FME Configuration: Start freeing memory when process usage exceeds 32.40 GB of memory or 32.98 GB of address space
2016-06-20 21:53:51|   0.1|  0.0|INFORM|FME Configuration: Stop freeing memory when process usage is below 24.30 GB of memory and 24.74 GB of address space
2016-06-20 21:53:51|   0.2|  0.0|INFORM|Creating writer for format: 
2016-06-20 21:53:51|   0.2|  0.0|INFORM|Creating reader for format: NULL (Nothing)
2016-06-20 21:53:51|   0.2|  0.0|INFORM|Trying to find a DYNAMIC plugin for reader named `NULL'
2016-06-20 21:53:51|   0.2|  0.0|INFORM|DYLD_LIBRARY_PATH is not set
2016-06-20 21:53:51|   0.2|  0.0|INFORM|Loaded module 'NULL' from file '/Library/FME/2016.1/plugins/null.so'
2016-06-20 21:53:51|   0.2|  0.0|INFORM|FME API version of module 'NULL' matches current internal version (3.8 20160224)
2016-06-20 21:53:51|   0.2|  0.0|INFORM|Using MultiWriter $Revision$ ( $Date$ ) with keyword `MULTI_WRITER' to output data (ID_ATTRIBUTE is `multi_writer_id')
2016-06-20 21:53:51|   0.2|  0.0|INFORM|Writer output will be ordered by value of multi_writer_id
2016-06-20 21:53:51|   0.2|  0.0|INFORM|Loaded module 'LogCount_func' from file '/Library/FME/2016.1/plugins/logcount_func.so'
2016-06-20 21:53:51|   0.2|  0.0|INFORM|FME API version of module 'LogCount_func' matches current internal version (3.8 20160224)
2016-06-20 21:53:51|   0.2|  0.0|INFORM|Creating writer for format: FME Feature Store (FFS)
2016-06-20 21:53:51|   0.2|  0.0|INFORM|FME Configuration: No destination coordinate system set
2016-06-20 21:53:51|   0.2|  0.0|INFORM|Loaded module 'Geometry_func' from file '/Library/FME/2016.1/plugins/geometry_func.so'
2016-06-20 21:53:51|   0.2|  0.0|INFORM|FME API version of module 'Geometry_func' matches current internal version (3.8 20160224)
2016-06-20 21:53:51|   0.3|  0.0|INFORM|Loaded module 'QueryFactory' from file '/Library/FME/2016.1/plugins/queryfactory.so'
2016-06-20 21:53:51|   0.3|  0.0|INFORM|FME API version of module 'QueryFactory' matches current internal version (3.8 20160224)
2016-06-20 21:53:51|   0.3|  0.0|INFORM|FME API version of module 'QueryFactory' matches current internal version (3.8 20160224)
2016-06-20 21:53:51|   0.3|  0.0|INFORM|Loaded module 'OGCGeometry_func' from file '/Library/FME/2016.1/plugins/ogcgeometry_func.so'
2016-06-20 21:53:51|   0.3|  0.0|INFORM|FME API version of module 'OGCGeometry_func' matches current internal version (3.8 20160224)
2016-06-20 21:53:51|   0.3|  0.0|INFORM|Emptying factory pipeline
2016-06-20 21:53:52|   2.7|  2.4|INFORM|FME Configuration: Named Connection Storage: '/Users/sharper/Library/Caches/Safe Software/FME/'
2016-06-20 21:53:52|   2.7|  0.0|INFORM|FME Configuration: Using Named Connection values from 'FMEpedia' for R_1
2016-06-20 21:53:52|   2.7|  0.0|INFORM|Creating reader for format: PostGIS
2016-06-20 21:53:52|   2.8|  0.0|INFORM|Trying to find a DYNAMIC plugin for reader named `POSTGIS'
2016-06-20 21:53:52|   2.8|  0.1|INFORM|Loaded module 'POSTGIS' from file '/Library/FME/2016.1/plugins/postgis.so'
2016-06-20 21:53:52|   2.8|  0.0|INFORM|FME API version of module 'POSTGIS' matches current internal version (3.8 20160224)
2016-06-20 21:53:52|   2.8|  0.0|INFORM|Performing query against POSTGIS dataset `FMEpedia'
2016-06-20 21:53:52|   2.8|  0.0|INFORM|Opening POSTGIS reader for dataset 'fmepediadb'
2016-06-20 21:53:54|   2.8|  0.0|INFORM|PostGIS client encoding: 'UTF8'
2016-06-20 21:53:58|   2.8|  0.0|INFORM|PostgreSQL 9.3.10 on x86_64-unknown-linux-gnu, compiled by gcc (GCC) 4.8.2 20140120 (Red Hat 4.8.2-16), 64-bit
2016-06-20 21:53:58|   2.8|  0.0|INFORM|2.1 USE_GEOS=1 USE_PROJ=1 USE_STATS=1
2016-06-20 21:53:59|   2.9|  0.0|INFORM|FME Configuration: Using Named Connection values from 'FMEpedia' for R_2
2016-06-20 21:53:59|   2.9|  0.0|INFORM|Creating reader for format: PostGIS
2016-06-20 21:53:59|   2.9|  0.0|INFORM|Trying to find a DYNAMIC plugin for reader named `POSTGIS'
2016-06-20 21:53:59|   2.9|  0.0|INFORM|FME API version of module 'POSTGIS' matches current internal version (3.8 20160224)
2016-06-20 21:53:59|   2.9|  0.0|INFORM|Performing query against POSTGIS dataset `FMEpedia'
2016-06-20 21:53:59|   2.9|  0.0|INFORM|Opening POSTGIS reader for dataset 'fmepediadb'
2016-06-20 21:54:00|   2.9|  0.0|INFORM|PostGIS client encoding: 'UTF8'
2016-06-20 21:54:02|   2.9|  0.0|INFORM|PostgreSQL 9.3.10 on x86_64-unknown-linux-gnu, compiled by gcc (GCC) 4.8.2 20140120 (Red Hat 4.8.2-16), 64-bit
2016-06-20 21:54:02|   2.9|  0.0|INFORM|2.1 USE_GEOS=1 USE_PROJ=1 USE_STATS=1
2016-06-20 21:54:03|   2.9|  0.0|INFORM|Reading POSTGIS table: 'transit.Buses'...
2016-06-20 21:54:03|   2.9|  0.0|INFORM|FME Configuration: Source coordinate system for reader R_2[POSTGIS] set to `EPSG:4326' as read from input data
2016-06-20 21:54:04|   3.1|  0.2|INFORM|Coordinate System `EPSG:4326' parameters: CS_NAME=`LL-WGS84' DESC_NM=`WGS84 Lat/Longs' DT_NAME=`WGS84' GROUP=`LL' MAP_SCL=`1' PROJ=`LL' QUAD=`1' SCL_RED=`1' UNIT=`DEGREE' 
2016-06-20 21:54:04|   3.1|  0.0|INFORM|Creating writer for format: Text File
2016-06-20 21:54:04|   3.1|  0.0|INFORM|Trying to find a DYNAMIC plugin for writer named `TEXTLINE'
2016-06-20 21:54:04|   3.1|  0.0|INFORM|Loaded module 'TEXTLINE' from file '/Library/FME/2016.1/plugins/textline.so'
2016-06-20 21:54:04|   3.1|  0.0|INFORM|FME API version of module 'TEXTLINE' matches current internal version (3.8 20160224)
2016-06-20 21:54:04|   3.1|  0.0|INFORM|FME Configuration: No destination coordinate system set
2016-06-20 21:54:04|   3.1|  0.0|INFORM|FME API version of module 'TEXTLINE' matches current internal version (3.8 20160224)
2016-06-20 21:54:04|   3.1|  0.0|INFORM|Writer `TEXTLINE_1' of type `TEXTLINE' using group definition keyword `TEXTLINE_DEF'
2016-06-20 21:54:04|   3.1|  0.0|INFORM|FME API version of module 'TEXTLINE' matches current internal version (3.8 20160224)
2016-06-20 21:54:04|   3.1|  0.0|INFORM|Text File Writer: Opening the file '/Users/sharper/Documents/Workspaces/output.txt'
2016-06-20 21:54:04|   3.1|  0.0|INFORM|Text File Writer: Line Termination: Unix
2016-06-20 21:54:04|   3.1|  0.0|INFORM|Text File Writer: Write the final line termination character: yes
2016-06-20 21:54:04|   3.1|  0.0|INFORM|Text File Writer: Character Encoding: 'SYSTEM'
2016-06-20 21:54:04|   3.1|  0.0|INFORM|Text File Writer: Write UTF-8 Byte Order Mark: yes
2016-06-20 21:54:04|   3.1|  0.0|INFORM|FME Configuration: Destination coordinate system set to input coordinate system `EPSG:4326'
2016-06-20 21:54:04|   3.2|  0.0|STATS |Creator_XML_Creator(CreationFactory): Created 1 features
2016-06-20 21:54:04|   3.2|  0.0|STATS |Creator_Cloner(TeeFactory): Cloned 1 input feature(s) into 1 output feature(s)
2016-06-20 21:54:04|   3.2|  0.0|STATS |Creator_CREATED Feature Counter -1 3(TeeFactory): Cloned 1 input feature(s) into 1 output feature(s)
2016-06-20 21:54:04|   3.2|  0.0|STATS |Creator_CREATED Brancher -1 3(BranchingFactory): Branched 1 input feature -- 1 feature routed to the target factory, and 0 features routed to the fallback factory.
2016-06-20 21:54:04|   3.2|  0.0|STATS |_CREATOR_BRANCH_TARGET(TeeFactory): Cloned 1 input feature(s) into 1 output feature(s)
2016-06-20 21:54:04|   3.2|  0.0|STATS |ParameterFetcher(TeeFactory): Cloned 1 input feature(s) into 1 output feature(s)
2016-06-20 21:54:04|   3.2|  0.0|STATS |ParameterFetcher_OUTPUT Feature Counter -1 5(TeeFactory): Cloned 1 input feature(s) into 1 output feature(s)
2016-06-20 21:54:04|   3.2|  0.0|INFORM|Successfully closed POSTGIS database reader
2016-06-20 21:54:04|   3.2|  0.0|INFORM|Successfully closed POSTGIS database reader
2016-06-20 21:54:04|   3.2|  0.0|STATS |SQLExecutor_RESULT Feature Counter -1 9(TeeFactory): Cloned 1 input feature(s) into 1 output feature(s)
2016-06-20 21:54:04|   3.2|  0.0|STATS |SQLExecutor_INITIATOR Feature Counter -1 2147680262(TeeFactory): Cloned 1 input feature(s) into 0 output feature(s)
2016-06-20 21:54:04|   3.2|  0.0|STATS |SQLExecutor_<REJECTED> Feature Counter -1 2147745798(TeeFactory): Cloned 0 input feature(s) into 0 output feature(s)
2016-06-20 21:54:04|   3.2|  0.0|STATS |TestBusIdExists(TestFactory): Tested 1 input feature(s) -- 1 feature(s) passed and 0 feature(s) failed
2016-06-20 21:54:04|   3.2|  0.0|STATS |TestBusIdExists_PASSED Feature Counter -1 12(TeeFactory): Cloned 1 input feature(s) into 1 output feature(s)
2016-06-20 21:54:04|   3.2|  0.0|STATS |TestBusIdExists_FAILED Feature Counter -1 13(TeeFactory): Cloned 0 input feature(s) into 0 output feature(s)
2016-06-20 21:54:04|   3.2|  0.0|STATS |ValidBusNoJSONBuilde_OUTPUT Feature Counter -1 15(TeeFactory): Cloned 0 input feature(s) into 0 output feature(s)
2016-06-20 21:54:04|   3.2|  0.0|INFORM|Successfully closed POSTGIS database reader
2016-06-20 21:54:04|   3.2|  0.0|INFORM|Successfully closed POSTGIS database reader
2016-06-20 21:54:04|   3.2|  0.0|STATS |FeatureReader_<SCHEMA> Feature Counter -1 2147614724(TeeFactory): Cloned 0 input feature(s) into 0 output feature(s)
2016-06-20 21:54:04|   3.2|  0.0|STATS |FeatureReader_transit.Buses Feature Counter -1 21(TeeFactory): Cloned 1 input feature(s) into 1 output feature(s)
2016-06-20 21:54:04|   3.2|  0.0|STATS |FeatureReader_<OTHER> Feature Counter -1 2147745796(TeeFactory): Cloned 0 input feature(s) into 0 output feature(s)
2016-06-20 21:54:04|   3.2|  0.0|STATS |FeatureReader_INITIATOR Feature Counter -1 2147811332(TeeFactory): Cloned 1 input feature(s) into 0 output feature(s)
2016-06-20 21:54:04|   3.2|  0.0|STATS |FeatureReader_<REJECTED> Feature Counter -1 2147876868(TeeFactory): Cloned 0 input feature(s) into 0 output feature(s)
2016-06-20 21:54:04|   3.2|  0.0|STATS |GeometryExtractor(TeeFactory): Cloned 1 input feature(s) into 1 output feature(s)
2016-06-20 21:54:04|   3.2|  0.0|STATS |GeometryExtractor_Rejector(TestFactory): Tested 1 input feature(s) -- 0 feature(s) passed and 1 feature(s) failed
2016-06-20 21:54:04|   3.2|  0.0|STATS |GeometryExtractor_OUTPUT Feature Counter -1 22(TeeFactory): Cloned 1 input feature(s) into 1 output feature(s)
2016-06-20 21:54:04|   3.2|  0.0|STATS |GeometryExtractor_<REJECTED> Feature Counter -1 2147680276(TeeFactory): Cloned 0 input feature(s) into 0 output feature(s)
2016-06-20 21:54:04|   3.2|  0.0|STATS |SuccessJSONBuilder_OUTPUT Feature Counter -1 19(TeeFactory): Cloned 1 input feature(s) into 1 output feature(s)
2016-06-20 21:54:04|   3.2|  0.0|STATS |Destination Feature Type Routing Correlator(RoutingFactory): Tested 1 input feature(s), wrote 1 output feature(s): 0 matched merge filters, 1 were routed to output, 0 could not be routed.
2016-06-20 21:54:04|   3.2|  0.0|STATS |Final Output Nuker(TeeFactory): Cloned 0 input feature(s) into 0 output feature(s)
2016-06-20 21:54:04|   3.2|  0.0|STATS |Stored 9 feature(s) to FME feature store file `/tmp/no-conn-ffs-1466484825487_5072.ffs'
2016-06-20 21:54:04|   3.2|  0.0|INFORM|=-=-=-=-=-=-=-=-=-=-=-=-=-=-=-=-=-=-=-=-=-=-=-=-=-=-=-=-=-=-=-=-=-=-=-=-=-=-=-
2016-06-20 21:54:04|   3.2|  0.0|INFORM|Feature output statistics for `FFS' writer using keyword `W_1':
2016-06-20 21:54:04|   3.2|  0.0|STATS |=-=-=-=-=-=-=-=-=-=-=-=-=-=-=-=-=-=-=-=-=-=-=-=-=-=-=-=-=-=-=-=-=-=-=-=-=-=-=-
2016-06-20 21:54:04|   3.2|  0.0|STATS |                               Features Written
2016-06-20 21:54:04|   3.2|  0.0|STATS |=-=-=-=-=-=-=-=-=-=-=-=-=-=-=-=-=-=-=-=-=-=-=-=-=-=-=-=-=-=-=-=-=-=-=-=-=-=-=-
2016-06-20 21:54:04|   3.2|  0.0|STATS |Creator_CREATED                                                              1
2016-06-20 21:54:04|   3.2|  0.0|STATS |FeatureReader_INITIATOR                                                      1
2016-06-20 21:54:04|   3.2|  0.0|STATS |FeatureReader_transit.Buses                                                  1
2016-06-20 21:54:04|   3.2|  0.0|STATS |GeometryExtractor_OUTPUT                                                     1
2016-06-20 21:54:04|   3.2|  0.0|STATS |ParameterFetcher_OUTPUT                                                      1
2016-06-20 21:54:04|   3.2|  0.0|STATS |SQLExecutor_INITIATOR                                                        1
2016-06-20 21:54:04|   3.2|  0.0|STATS |SQLExecutor_RESULT                                                           1
2016-06-20 21:54:04|   3.2|  0.0|STATS |SuccessJSONBuilder_OUTPUT                                                    1
2016-06-20 21:54:04|   3.2|  0.0|STATS |TestBusIdExists_PASSED                                                       1
2016-06-20 21:54:04|   3.2|  0.0|STATS |==============================================================================
2016-06-20 21:54:04|   3.2|  0.0|STATS |Total Features Written                                                       9
2016-06-20 21:54:04|   3.2|  0.0|STATS |=-=-=-=-=-=-=-=-=-=-=-=-=-=-=-=-=-=-=-=-=-=-=-=-=-=-=-=-=-=-=-=-=-=-=-=-=-=-=-
2016-06-20 21:54:04|   3.2|  0.0|INFORM|Text File Writer: Closing the file '/Users/sharper/Documents/Workspaces/output.txt'
2016-06-20 21:54:04|   3.2|  0.0|INFORM|=-=-=-=-=-=-=-=-=-=-=-=-=-=-=-=-=-=-=-=-=-=-=-=-=-=-=-=-=-=-=-=-=-=-=-=-=-=-=-
2016-06-20 21:54:04|   3.2|  0.0|INFORM|Feature output statistics for `TEXTLINE' writer using keyword `TEXTLINE_1':
2016-06-20 21:54:04|   3.2|  0.0|STATS |=-=-=-=-=-=-=-=-=-=-=-=-=-=-=-=-=-=-=-=-=-=-=-=-=-=-=-=-=-=-=-=-=-=-=-=-=-=-=-
2016-06-20 21:54:04|   3.2|  0.0|STATS |                               Features Written
2016-06-20 21:54:04|   3.2|  0.0|STATS |=-=-=-=-=-=-=-=-=-=-=-=-=-=-=-=-=-=-=-=-=-=-=-=-=-=-=-=-=-=-=-=-=-=-=-=-=-=-=-
2016-06-20 21:54:04|   3.2|  0.0|STATS |text_line                                                                    1
2016-06-20 21:54:04|   3.2|  0.0|STATS |==============================================================================
2016-06-20 21:54:04|   3.2|  0.0|STATS |Total Features Written                                                       1
2016-06-20 21:54:04|   3.2|  0.0|STATS |=-=-=-=-=-=-=-=-=-=-=-=-=-=-=-=-=-=-=-=-=-=-=-=-=-=-=-=-=-=-=-=-=-=-=-=-=-=-=-
2016-06-20 21:54:04|   3.2|  0.0|STATS |=-=-=-=-=-=-=-=-=-=-=-=-=-=-=-=-=-=-=-=-=-=-=-=-=-=-=-=-=-=-=-=-=-=-=-=-=-=-=-
2016-06-20 21:54:04|   3.2|  0.0|STATS |                            Features Read Summary
2016-06-20 21:54:04|   3.2|  0.0|STATS |=-=-=-=-=-=-=-=-=-=-=-=-=-=-=-=-=-=-=-=-=-=-=-=-=-=-=-=-=-=-=-=-=-=-=-=-=-=-=-
2016-06-20 21:54:04|   3.2|  0.0|STATS |==============================================================================
2016-06-20 21:54:04|   3.2|  0.0|STATS |Total Features Read                                                          0
2016-06-20 21:54:04|   3.2|  0.0|STATS |=-=-=-=-=-=-=-=-=-=-=-=-=-=-=-=-=-=-=-=-=-=-=-=-=-=-=-=-=-=-=-=-=-=-=-=-=-=-=-
2016-06-20 21:54:04|   3.2|  0.0|STATS |=-=-=-=-=-=-=-=-=-=-=-=-=-=-=-=-=-=-=-=-=-=-=-=-=-=-=-=-=-=-=-=-=-=-=-=-=-=-=-
2016-06-20 21:54:04|   3.2|  0.0|STATS |                           Features Written Summary
2016-06-20 21:54:04|   3.2|  0.0|STATS |=-=-=-=-=-=-=-=-=-=-=-=-=-=-=-=-=-=-=-=-=-=-=-=-=-=-=-=-=-=-=-=-=-=-=-=-=-=-=-
2016-06-20 21:54:04|   3.2|  0.0|STATS |text_line                                                                    1
2016-06-20 21:54:04|   3.2|  0.0|STATS |==============================================================================
2016-06-20 21:54:04|   3.2|  0.0|STATS |Total Features Written                                                       1
2016-06-20 21:54:04|   3.2|  0.0|STATS |=-=-=-=-=-=-=-=-=-=-=-=-=-=-=-=-=-=-=-=-=-=-=-=-=-=-=-=-=-=-=-=-=-=-=-=-=-=-=-
2016-06-20 21:54:04|   3.2|  0.0|WARN  |-~-~-~-~-~-~-~-~-~-~-~-~-~-~-~-~-~-~-~-~-~-~-~-~-~-~-~-~-~-~-~-~-~-~-~-~-~-~-~-~-
2016-06-20 21:54:04|   3.2|  0.0|WARN  |-~                                                                             ~-
2016-06-20 21:54:04|   3.2|  0.0|WARN  |-~       Features have been recorded at every stage of the translation.        ~-
2016-06-20 21:54:04|   3.2|  0.0|WARN  |-~                      To inspect the recorded features,                      ~-
2016-06-20 21:54:04|   3.2|  0.0|WARN  |-~      double-click the feature count numbers on connections and ports.       ~-
2016-06-20 21:54:04|   3.2|  0.0|WARN  |-~                                                                             ~-
2016-06-20 21:54:04|   3.2|  0.0|WARN  |-~-~-~-~-~-~-~-~-~-~-~-~-~-~-~-~-~-~-~-~-~-~-~-~-~-~-~-~-~-~-~-~-~-~-~-~-~-~-~-~-
2016-06-20 21:54:04|   3.2|  0.0|INFORM|Translation was SUCCESSFUL with 7 warning(s) (1 feature(s) output)
2016-06-20 21:54:04|   3.2|  0.0|INFORM|FME Session Duration: 13.9 seconds. (CPU: 2.8s user, 0.3s system)
2016-06-20 21:54:04|   3.2|  0.0|INFORM|END - ProcessID: 5487, peak process memory usage: 0 kB, current process memory usage: 296596 kB
